------------- GENERATION: 20161201_10-29-43 -------------

____________ GBR ____________
[GBR] >> [Input(zFAS Error Descriptions sheet): Not configured if error is countable or not (column: 29). ACTION: DEFAULTING TO "YES" I.E. ERROR IS COUNTED.] <<
[GBR] Row: 1016. UID: ERR_APH_SLIB_CPUWDG.
[GBR] Row: 1017. UID: ERR_APH_SLIB_SAFETYWDG.
[GBR] ^^ [Input(zFAS Error Descriptions sheet): Not configured if error is countable or not (column: 29). ACTION: DEFAULTING TO "YES" I.E. ERROR IS COUNTED.] ^^
[GBR] >> [Input(zFAS Error Descriptions sheet): Not configured if error is relevant for the Recorder or not (column: 30). ACTION: DEFAULTING TO "NO" I.E. ERROR IS NOT RELEVANT FOR THE RECORDER.] <<
[GBR] Row: 2. UID: ERR_APH_SLIB_CPUBUSMPU.
[GBR] Row: 3. UID: ERR_APH_SLIB_CPUMPU.
[GBR] Row: 4. UID: ERR_APH_SLIB_SRI.
[GBR] Row: 5. UID: ERR_APH_SLIB_PMU.
[GBR] Row: 6. UID: ERR_APH_SLIB_PFLASHMON.
[GBR] Row: 7. UID: ERR_APH_SLIB_REGACC.
[GBR] Row: 8. UID: ERR_APH_SLIB_CLKMON.
[GBR] Row: 9. UID: ERR_APH_SLIB_VOLMON.
[GBR] Row: 10. UID: ERR_APH_SLIB_LCKSTP.
[GBR] Row: 11. UID: ERR_APH_SLIB_SRAMECC.
[GBR] Row: 12. UID: ERR_APH_SLIB_PSRAMECC.
[GBR] Row: 13. UID: ERR_APH_SLIB_SPBREGACC.
[GBR] Row: 14. UID: ERR_APH_SLIB_SPBTIMEOUT.
[GBR] Row: 15. UID: ERR_APH_SLIB_LMUBUSMPU.
[GBR] Row: 16. UID: ERR_APH_SLIB_LMUREGACC.
[GBR] Row: 17. UID: ERR_APH_SLIB_TRAPTST.
[GBR] Row: 18. UID: ERR_APH_SLIB_SFF.
[GBR] Row: 19. UID: ERR_APH_SLIB_IRROUTER.
[GBR] Row: 20. UID: ERR_APH_SLIB_SMU.
[GBR] Row: 21. UID: ERR_APH_SLIB_DMA.
[GBR] Row: 22. UID: ERR_APH_SLIB_FCE.
[GBR] Row: 23. UID: ERR_APH_SLIB_IOM.
[GBR] Row: 24. UID: ERR_APH_SLIB_SBST.
[GBR] Row: 26. UID: ERR_APH_SLIB_SFR.
[GBR] Row: 28. UID: ERR_APH_SLIB_EXECERROR.
[GBR] Row: 29. UID: ERR_APH_SLIB_PHASESWITCH.
[GBR] Row: 920. UID: ERR_PS_APH_MAX16995_SYS_1V1_INTERR.
[GBR] Row: 921. UID: ERR_PS_APH_MAX16995_SYS_1V2_INTERR.
[GBR] Row: 922. UID: ERR_PS_APH_MAX16995_SYS_1V1_VRHOT.
[GBR] Row: 923. UID: ERR_PS_APH_MAX16995_SYS_1V2_VRHOT.
[GBR] Row: 924. UID: ERR_PS_APH_MAX16995_SYS_1V1_UV.
[GBR] Row: 925. UID: ERR_PS_APH_MAX16995_SYS_1V2_UV.
[GBR] Row: 926. UID: ERR_PS_APH_MAX16995_SYS_1V1_OV.
[GBR] Row: 927. UID: ERR_PS_APH_MAX16995_SYS_1V2_OV.
[GBR] Row: 928. UID: ERR_PS_APH_MAX16995_SYS_1V1_OC.
[GBR] Row: 929. UID: ERR_PS_APH_MAX16995_SYS_1V2_OC.
[GBR] Row: 930. UID: ERR_PS_APH_MAX16995_SYS_1V1_VMERR.
[GBR] Row: 931. UID: ERR_PS_APH_MAX16995_SYS_1V2_VMERR.
[GBR] Row: 932. UID: ERR_PS_APH_MAX20024_MBATTLOW.
[GBR] Row: 933. UID: ERR_PS_APH_MAX20024_TJALRM1.
[GBR] Row: 934. UID: ERR_PS_APH_MAX20024_TJALRM2.
[GBR] Row: 935. UID: ERR_PS_APH_MAX20024_STEP_DOWN_REGULATORS_POWER_STATUS.
[GBR] Row: 936. UID: ERR_PS_APH_MAX20024_LINEAR_REGULATORS_VOLTAGE_STATUS.
[GBR] Row: 937. UID: ERR_PS_APH_MAX20024_32K_OK.
[GBR] Row: 950. UID: ERR_PS_APH_MAX16995_SYS_1V1_I2CERR.
[GBR] Row: 951. UID: ERR_PS_APH_MAX16995_SYS_1V2_I2CERR.
[GBR] Row: 952. UID: ERR_PS_APH_MAX20024_I2CERR.
[GBR] Row: 956. UID: ERR_MVH_DRAMTEST_FAILED.
[GBR] Row: 957. UID: ERR_MVH_TEMPTEST_FAILED.
[GBR] Row: 958. UID: ERR_MVH_BIST_FAILED.
[GBR] Row: 959. UID: ERR_TEMP_APHNC.
[GBR] Row: 1016. UID: ERR_APH_SLIB_CPUWDG.
[GBR] Row: 1017. UID: ERR_APH_SLIB_SAFETYWDG.
[GBR] ^^ [Input(zFAS Error Descriptions sheet): Not configured if error is relevant for the Recorder or not (column: 30). ACTION: DEFAULTING TO "NO" I.E. ERROR IS NOT RELEVANT FOR THE RECORDER.] ^^
^^^^^^^^^^^^ GBR ^^^^^^^^^^^^

____________ TLS ____________
[TLS] >> [Input(zFAS Error Descriptions sheet): No configured reporter SWCID (column: 4). ACTION: DISABLE ERROR - NO UNIT IS ALLOWED TO REPORT IT.] <<
[TLS] Row: 948. UID: ERR_DS_IOHWAB_INCOMPATIBLEDATASET.
[TLS] ^^ [Input(zFAS Error Descriptions sheet): No configured reporter SWCID (column: 4). ACTION: DISABLE ERROR - NO UNIT IS ALLOWED TO REPORT IT.] ^^
[TLS] >> [Input(zFAS Error Descriptions sheet): Not configured if error is relevant for the Recorder or not (column: 30). ACTION: DEFAULTING TO "NO" I.E. ERROR IS NOT RELEVANT FOR THE RECORDER.] <<
[TLS] Row: 30. UID: ERR_APH_SMUCONFIG.
[TLS] Row: 31. UID: ERR_APH_EVRCONFIG.
[TLS] Row: 103. UID: ERR_APH_PFLASH.
[TLS] Row: 104. UID: ERR_APH_DFLASH_CORRECC.
[TLS] Row: 105. UID: ERR_APH_DFLASH_UNCORRECC.
[TLS] Row: 249. UID: ERR_PS_APH_VBATMAINPLAU.
[TLS] Row: 252. UID: ERR_PS_APH_KL30MAINUNDER3V.
[TLS] Row: 255. UID: ERR_PS_APH_KL30LOCALUNDER3V.
[TLS] Row: 256. UID: ERR_PS_APH_KL30UV.
[TLS] Row: 257. UID: ERR_PS_APH_KL30CROSSCHECK.
[TLS] Row: 260. UID: ERR_PS_APH_1V3OVSW.
[TLS] Row: 261. UID: ERR_PS_APH_1V3UVSW.
[TLS] Row: 264. UID: ERR_PS_APH_3V3OVSW.
[TLS] Row: 265. UID: ERR_PS_APH_3V3UVSW.
[TLS] Row: 270. UID: ERR_PS_APH_VDD1V1OV.
[TLS] Row: 271. UID: ERR_PS_APH_VDD1V1UV.
[TLS] Row: 272. UID: ERR_PS_APH_VDD1V2OV.
[TLS] Row: 273. UID: ERR_PS_APH_VDD1V2UV.
[TLS] Row: 278. UID: ERR_PS_APH_VDDCPUOV.
[TLS] Row: 279. UID: ERR_PS_APH_VDDCPUUV.
[TLS] Row: 280. UID: ERR_PS_APH_VDDGPUOV.
[TLS] Row: 281. UID: ERR_PS_APH_VDDGPUUV.
[TLS] Row: 282. UID: ERR_PS_APH_VDDRTCOV.
[TLS] Row: 283. UID: ERR_PS_APH_VDDRTCUV.
[TLS] Row: 284. UID: ERR_PS_APH_VDDPEXOV.
[TLS] Row: 285. UID: ERR_PS_APH_VDDPEXUV.
[TLS] Row: 286. UID: ERR_PS_APH_AVDDPLLOV.
[TLS] Row: 287. UID: ERR_PS_APH_AVDDPLLUV.
[TLS] Row: 288. UID: ERR_PS_APH_AVDDHDMIOV.
[TLS] Row: 289. UID: ERR_PS_APH_AVDDHDMIUV.
[TLS] Row: 290. UID: ERR_PS_APH_VDDCOREOV.
[TLS] Row: 291. UID: ERR_PS_APH_VDDCOREUV.
[TLS] Row: 292. UID: ERR_PS_APH_VDDIOSYSOV.
[TLS] Row: 293. UID: ERR_PS_APH_VDDIOSYSUV.
[TLS] Row: 294. UID: ERR_PS_APH_SYS5VOV.
[TLS] Row: 295. UID: ERR_PS_APH_SYS5VUV.
[TLS] Row: 298. UID: ERR_PS_APH_VCCCAMOV.
[TLS] Row: 299. UID: ERR_PS_APH_VCCCAMUV.
[TLS] Row: 302. UID: ERR_PS_APH_VDDDDRFPGAOV.
[TLS] Row: 303. UID: ERR_PS_APH_VDDDDRFPGAUV.
[TLS] Row: 306. UID: ERR_PS_APH_VDDDDRHSOV.
[TLS] Row: 307. UID: ERR_PS_APH_VDDDDRHSUV.
[TLS] Row: 335. UID: ERR_PS_PGOOD_CYCLIC_PMU.
[TLS] Row: 336. UID: ERR_PS_PGOOD_CYCLIC_CAM.
[TLS] Row: 337. UID: ERR_PS_PGOOD_CYCLIC_CORE.
[TLS] Row: 338. UID: ERR_PS_PGOOD_CYCLIC_CPU.
[TLS] Row: 339. UID: ERR_PS_PGOOD_CYCLIC_GPU.
[TLS] Row: 340. UID: ERR_PS_PGOOD_CYCLIC_SYS1V2.
[TLS] Row: 341. UID: ERR_PS_PGOOD_CYCLIC_SYS1V1.
[TLS] Row: 342. UID: ERR_PS_PGOOD_CYCLIC_FPGA.
[TLS] Row: 385. UID: ERR_TEMP_PCBOT.
[TLS] Row: 386. UID: ERR_TEMP_PCBUT.
[TLS] Row: 387. UID: ERR_TEMP_PCBNA.
[TLS] Row: 391. UID: ERR_TEMP_APHOT.
[TLS] Row: 392. UID: ERR_TEMP_APHUT.
[TLS] Row: 393. UID: ERR_TEMP_APHNA.
[TLS] Row: 396. UID: ERR_TEMP_SSHOT.
[TLS] Row: 397. UID: ERR_TEMP_SSHUT.
[TLS] Row: 398. UID: ERR_TEMP_SSHNA.
[TLS] Row: 400. UID: ERR_TEMP_SRHOT.
[TLS] Row: 401. UID: ERR_TEMP_SRHUT.
[TLS] Row: 402. UID: ERR_TEMP_SRHNA.
[TLS] Row: 404. UID: ERR_TEMP_SRHSHUTDOWN.
[TLS] Row: 667. UID: ERR_TLF_RESETFWD.
[TLS] Row: 668. UID: ERR_TLF_RESETWWD.
[TLS] Row: 669. UID: ERR_TLF_RESETERRPIN.
[TLS] Row: 670. UID: ERR_TLF_RESETVMON.
[TLS] Row: 671. UID: ERR_TLF_RESETHARDRES.
[TLS] Row: 672. UID: ERR_TLF_RESETSOFTRES.
[TLS] Row: 673. UID: ERR_TLF_INITF.
[TLS] Row: 674. UID: ERR_TLF_ABISTERR.
[TLS] Row: 675. UID: ERR_TLF_SYSFAILVMON.
[TLS] Row: 676. UID: ERR_TLF_OTF.
[TLS] Row: 677. UID: ERR_TLF_VOLTSELERR.
[TLS] Row: 678. UID: ERR_TLF_CONFIGERR.
[TLS] Row: 679. UID: ERR_TLF_CONFCHECKSTOPPED.
[TLS] Row: 680. UID: ERR_TLF_LFMABIST.
[TLS] Row: 681. UID: ERR_TLF_LFMPAR.
[TLS] Row: 837. UID: ERR_TLF_LFMFWD.
[TLS] Row: 839. UID: ERR_TLF_IR_SPIPROTOCOL.
[TLS] Row: 840. UID: ERR_TLF_IR_UNLOCK.
[TLS] Row: 841. UID: ERR_TLF_IR_STATETRANS.
[TLS] Row: 842. UID: ERR_TLF_IR_FWD.
[TLS] Row: 843. UID: ERR_TLF_IR_WWD.
[TLS] Row: 844. UID: ERR_TLF_IR_CFGE.
[TLS] Row: 845. UID: ERR_TLF_SGTRK2.
[TLS] Row: 846. UID: ERR_TLF_SGTRK1.
[TLS] Row: 847. UID: ERR_TLF_SGVREF.
[TLS] Row: 848. UID: ERR_TLF_SGCOM.
[TLS] Row: 849. UID: ERR_TLF_SGUC.
[TLS] Row: 851. UID: ERR_TLF_OVTRK2.
[TLS] Row: 852. UID: ERR_TLF_OVTRK1.
[TLS] Row: 853. UID: ERR_TLF_OVVREF.
[TLS] Row: 854. UID: ERR_TLF_OVCOM.
[TLS] Row: 855. UID: ERR_TLF_OVUC.
[TLS] Row: 856. UID: ERR_TLF_OVPREG.
[TLS] Row: 857. UID: ERR_TLF_UVTRK2.
[TLS] Row: 858. UID: ERR_TLF_UVTRK1.
[TLS] Row: 859. UID: ERR_TLF_UVVREF.
[TLS] Row: 860. UID: ERR_TLF_UVCOM.
[TLS] Row: 861. UID: ERR_TLF_UVUC.
[TLS] Row: 863. UID: ERR_TLF_BIASHI.
[TLS] Row: 864. UID: ERR_TLF_BIASLOW.
[TLS] Row: 865. UID: ERR_TLF_BG12OV.
[TLS] Row: 866. UID: ERR_TLF_BG12UV.
[TLS] Row: 867. UID: ERR_TLF_VBATOV.
[TLS] Row: 868. UID: ERR_TLF_OTWRNVREF.
[TLS] Row: 869. UID: ERR_TLF_OTWRNCOM.
[TLS] Row: 870. UID: ERR_TLF_OTWRNUC.
[TLS] Row: 871. UID: ERR_TLF_OTWRNPREG.
[TLS] Row: 872. UID: ERR_TLF_OTFAILMON.
[TLS] Row: 873. UID: ERR_TLF_OTFAILCOM.
[TLS] Row: 874. UID: ERR_TLF_OTFAILUC.
[TLS] Row: 875. UID: ERR_TLF_OTFAILPREG.
[TLS] Row: 878. UID: ERR_TLF_OUTOFRANGETRK2.
[TLS] Row: 879. UID: ERR_TLF_OUTOFRANGETRK1.
[TLS] Row: 880. UID: ERR_TLF_OUTOFRANGEVREF.
[TLS] Row: 881. UID: ERR_TLF_OUTOFRANGECOM.
[TLS] Row: 897. UID: ERR_PS_APH_BOOSTERPLAU.
[TLS] Row: 900. UID: ERR_PS_APH_KL30MAINOV_LONG.
[TLS] Row: 902. UID: ERR_PS_APH_KL30OV_LONG.
[TLS] Row: 904. UID: ERR_PS_APH_KL30MAINUV_LONG.
[TLS] Row: 906. UID: ERR_PS_APH_KL30UV_LONG.
[TLS] Row: 908. UID: ERR_PS_APH_VBATMAINOV_JUMPSTART.
[TLS] Row: 942. UID: ERR_DS_BISTAPH_INCOMPATIBLEDATASET.
[TLS] Row: 943. UID: ERR_DS_BISTQMAPH_INCOMPATIBLEDATASET.
[TLS] Row: 944. UID: ERR_DS_DSC_INCOMPATIBLEDATASET.
[TLS] Row: 946. UID: ERR_DS_ERRORHANDLER_INCOMPATIBLEDATASET.
[TLS] Row: 947. UID: ERR_DS_LCSM_INCOMPATIBLEDATASET.
[TLS] Row: 948. UID: ERR_DS_IOHWAB_INCOMPATIBLEDATASET.
[TLS] Row: 949. UID: ERR_DS_HSM_INCOMPATIBLEDATASET.
[TLS] Row: 955. UID: ERR_PS_PGOOD_CYCLIC_VTT_DDR3.
[TLS] Row: 945. UID: ERR_DS_DSCHHANDLERSRH_INCOMPATIBLEDATASET.
[TLS] ^^ [Input(zFAS Error Descriptions sheet): Not configured if error is relevant for the Recorder or not (column: 30). ACTION: DEFAULTING TO "NO" I.E. ERROR IS NOT RELEVANT FOR THE RECORDER.] ^^
^^^^^^^^^^^^ TLS ^^^^^^^^^^^^

____________ SFO ____________
[SFO] >> [Input(zFAS Error Descriptions sheet): No configured reporter SWCID (column: 4). ACTION: DISABLE ERROR - NO UNIT IS ALLOWED TO REPORT IT.] <<
[SFO] Row: 99. UID: ERR_APH_SWVERSION.
[SFO] ^^ [Input(zFAS Error Descriptions sheet): No configured reporter SWCID (column: 4). ACTION: DISABLE ERROR - NO UNIT IS ALLOWED TO REPORT IT.] ^^
[SFO] >> [Input(zFAS Error Descriptions sheet): Not configured if error is relevant for the Recorder or not (column: 30). ACTION: DEFAULTING TO "NO" I.E. ERROR IS NOT RELEVANT FOR THE RECORDER.] <<
[SFO] Row: 99. UID: ERR_APH_SWVERSION.
[SFO] ^^ [Input(zFAS Error Descriptions sheet): Not configured if error is relevant for the Recorder or not (column: 30). ACTION: DEFAULTING TO "NO" I.E. ERROR IS NOT RELEVANT FOR THE RECORDER.] ^^
[SFO] >> [Input(zFAS Error Descriptions sheet): Invalid DTC mapping (column: 3). ACTION: NO DTC REPORTING.] <<
[SFO] Row: 99. UID: ERR_APH_SWVERSION. Invalid DTC mapping value: TBD.
[SFO] ^^ [Input(zFAS Error Descriptions sheet): Invalid DTC mapping (column: 3). ACTION: NO DTC REPORTING.] ^^
[SFO] >> [Input(zFAS Error Descriptions sheet): Missing DTC mapping (column: 3) and incompatible Recovery Reaction (column: 23). Recovery Reactions: ['No Reaction'] must be mapped to a DTC. DISABLE ERROR - NO UNIT IS ALLOWED TO REPORT IT.] <<
[SFO] Row: 99. UID: ERR_APH_SWVERSION. Missing DTC mapping: NA_EH for this error's defined Recovery Reaction: NO_REACTION.
[SFO] ^^ [Input(zFAS Error Descriptions sheet): Missing DTC mapping (column: 3) and incompatible Recovery Reaction (column: 23). Recovery Reactions: ['No Reaction'] must be mapped to a DTC. DISABLE ERROR - NO UNIT IS ALLOWED TO REPORT IT.] ^^
^^^^^^^^^^^^ SFO ^^^^^^^^^^^^

____________ VLE ____________
[VLE] >> [Input(zFAS Error Descriptions sheet): Not configured if error is relevant for the Recorder or not (column: 30). ACTION: DEFAULTING TO "NO" I.E. ERROR IS NOT RELEVANT FOR THE RECORDER.] <<
[VLE] Row: 258. UID: ERR_PS_APH_1V3OVHW.
[VLE] Row: 259. UID: ERR_PS_APH_1V3UVHW.
[VLE] Row: 262. UID: ERR_PS_APH_3V3OVHW.
[VLE] Row: 263. UID: ERR_PS_APH_3V3UVHW.
[VLE] Row: 370. UID: ERR_PS_PGOOD_STARTUP_PMU.
[VLE] Row: 371. UID: ERR_PS_PGOOD_STARTUP_CAM.
[VLE] Row: 372. UID: ERR_PS_PGOOD_STARTUP_CORE.
[VLE] Row: 373. UID: ERR_PS_PGOOD_STARTUP_CPU.
[VLE] Row: 374. UID: ERR_PS_PGOOD_STARTUP_GPU.
[VLE] Row: 375. UID: ERR_PS_PGOOD_STARTUP_SYS1V2.
[VLE] Row: 376. UID: ERR_PS_PGOOD_STARTUP_SYS1V1.
[VLE] Row: 377. UID: ERR_PS_PGOOD_STARTUP_FPGA.
[VLE] Row: 380. UID: ERR_PS_PMIC_MAX20024_RESET_OUT_PMU.
[VLE] Row: 381. UID: ERR_PMU_VBATEnableConditionsError_KL30OutOfRange.
[VLE] Row: 383. UID: ERR_PMU_VREF.
[VLE] Row: 384. UID: ERR_APH_FPGALOAD.
[VLE] Row: 757. UID: ERR_IEC_APH_SPI_PARERR.
[VLE] Row: 758. UID: ERR_IEC_APH_SPI_CONFIGERR.
[VLE] Row: 759. UID: ERR_IEC_APH_SPI_BAUDRATEERR.
[VLE] Row: 760. UID: ERR_IEC_APH_SPI_TXFIFOOF.
[VLE] Row: 761. UID: ERR_IEC_APH_SPI_TXFIFOUF.
[VLE] Row: 762. UID: ERR_IEC_APH_SPI_RXFIFOOF.
[VLE] Row: 763. UID: ERR_IEC_APH_SPI_RXFIFOUF.
[VLE] Row: 764. UID: ERR_IEC_APH_SPI_TIMEOUT.
[VLE] Row: 765. UID: ERR_IEC_APH_SPI_SLSIERR.
[VLE] Row: 766. UID: ERR_IEC_APH_I2C_RXFIFOUF.
[VLE] Row: 767. UID: ERR_IEC_APH_I2C_RXFIFOOF.
[VLE] Row: 768. UID: ERR_IEC_APH_I2C_TXFIFOUF.
[VLE] Row: 769. UID: ERR_IEC_APH_I2C_TXFIFOOF.
[VLE] Row: 770. UID: ERR_IEC_APH_I2C_ARBLOST.
[VLE] Row: 771. UID: ERR_IEC_APH_I2C_TRANSEND.
[VLE] Row: 772. UID: ERR_IEC_APH_I2C_NACK.
[VLE] Row: 773. UID: ERR_IEC_APH_I2C_ERRIRQ.
[VLE] Row: 774. UID: ERR_IEC_APH_I2C_PROTIRQ.
[VLE] Row: 775. UID: ERR_IEC_APH_I2C_GLOBALERROR.
[VLE] Row: 882. UID: ERR_PS_PGOOD_STARTUP_VDD1V8.
[VLE] Row: 883. UID: ERR_PS_PGOOD_STARTUP_3V3.
[VLE] Row: 884. UID: ERR_PS_PGOOD_SHUTDOWN_VDD1V8.
[VLE] Row: 891. UID: ERR_PS_PGOOD_SHUTDOWN_SYS1V2.
[VLE] Row: 894. UID: ERR_PMU_TLFSTBY.
[VLE] Row: 910. UID: ERR_IEC_APH_SPI_RXFRAMEBUF_OVERFLOW.
[VLE] Row: 911. UID: ERR_IEC_APH_SPI_SHAREDMEM_CORRUPTED.
[VLE] Row: 919. UID: ERR_IEC_APH_I2C_CYCBUF_OVERFLOW.
[VLE] Row: 938. UID: ERR_PS_PGOOD_STARTUP_DDR3.
[VLE] Row: 939. UID: ERR_IEC_APH_I2C_SHAREDMEM_CORRUPTED.
[VLE] Row: 940. UID: ERR_PMU_AURIX_STARTUP_TEMPERATURE.
[VLE] Row: 941. UID: ERR_PMU_TEMP_APHNA.
[VLE] Row: 954. UID: ERR_OS_APH_MCAL_INITCHECK_FAIL.
[VLE] Row: 971. UID: ERR_PMU_TEMP_APHNC.
[VLE] Row: 972. UID: ERR_APH_SMU_LOCKSTEP.
[VLE] Row: 973. UID: ERR_APH_SMU_BUSMPU.
[VLE] Row: 974. UID: ERR_APH_SMU_SRAM_EDC.
[VLE] Row: 975. UID: ERR_APH_SMU_SRAM_ADDR_EDC.
[VLE] Row: 976. UID: ERR_APH_SMU_SRAM_ADDR_BUFOVF.
[VLE] Row: 978. UID: ERR_APH_SMU_SRAM_ECC_NONCORR.
[VLE] Row: 979. UID: ERR_APH_SMU_SRI_EDC.
[VLE] Row: 981. UID: ERR_APH_SMU_PFLASH_ECC_NONCORR.
[VLE] Row: 982. UID: ERR_APH_SMU_PFLASH_ADDR_ERR.
[VLE] Row: 983. UID: ERR_APH_SMU_PFLASH_ADDR_BUFOVF.
[VLE] Row: 985. UID: ERR_APH_SMU_PFLASH_ALL_EDC.
[VLE] Row: 986. UID: ERR_APH_SMU_LMU_ECC_NONCORR.
[VLE] Row: 987. UID: ERR_APH_SMU_BUSMPU_LMU.
[VLE] Row: 989. UID: ERR_APH_SMU_LMU_ADDR_ERR.
[VLE] Row: 990. UID: ERR_APH_SMU_LMU_ADDR_BUFOVF.
[VLE] Row: 991. UID: ERR_APH_SMU_PERIPHSRI_EDC.
[VLE] Row: 992. UID: ERR_APH_SMU_IR_EDC.
[VLE] Row: 993. UID: ERR_APH_SMU_IOM_ERR.
[VLE] Row: 994. UID: ERR_APH_SMU_RECTIMER_TO.
[VLE] Row: 996. UID: ERR_APH_SMU_PLL_ALL.
[VLE] Row: 997. UID: ERR_APH_SMU_CLOCK_ALL.
[VLE] Row: 998. UID: ERR_APH_SMU_VOLTAGE_ALL.
[VLE] Row: 1000. UID: ERR_APH_SMU_SPB_ACCEN.
[VLE] Row: 1001. UID: ERR_APH_SMU_SCUDTS_ALL.
[VLE] Row: 1002. UID: ERR_APH_SMU_SAFETY_FLIPFLOP.
[VLE] Row: 1003. UID: ERR_APH_SMU_SCU_EMSTOP.
[VLE] Row: 1004. UID: ERR_APH_SMU_SRI_BUSERR.
[VLE] Row: 1005. UID: ERR_APH_SMU_SPB_BUSERR.
[VLE] Row: 1007. UID: ERR_APH_SMU_PERSRAM_ECC_NONCORR.
[VLE] Row: 1008. UID: ERR_APH_SMU_PERSRAM_ADDR_EDC.
[VLE] Row: 1009. UID: ERR_APH_SMU_PERSRAM_ADDR_BUFOVF.
[VLE] Row: 1011. UID: ERR_APH_SMU_EMEM_ECC_NONCORR.
[VLE] Row: 1012. UID: ERR_APH_SMU_EMEM_ADDR_BUFOVF.
[VLE] ^^ [Input(zFAS Error Descriptions sheet): Not configured if error is relevant for the Recorder or not (column: 30). ACTION: DEFAULTING TO "NO" I.E. ERROR IS NOT RELEVANT FOR THE RECORDER.] ^^
[VLE] >> [Input(zFAS Error Descriptions sheet): No configured safety reaction (column: 24). ACTION: DEFAULTING TO "NO REACTION".] <<
[VLE] Row: 380. UID: ERR_PS_PMIC_MAX20024_RESET_OUT_PMU.
[VLE] ^^ [Input(zFAS Error Descriptions sheet): No configured safety reaction (column: 24). ACTION: DEFAULTING TO "NO REACTION".] ^^
[VLE] >> [Input(zFAS Error Descriptions sheet): No configured recovery reaction (column: 23). ACTION: DEFAULTING TO "NO REACTION".] <<
[VLE] Row: 380. UID: ERR_PS_PMIC_MAX20024_RESET_OUT_PMU.
[VLE] ^^ [Input(zFAS Error Descriptions sheet): No configured recovery reaction (column: 23). ACTION: DEFAULTING TO "NO REACTION".] ^^
^^^^^^^^^^^^ VLE ^^^^^^^^^^^^

____________ MCA ____________
[MCA] >> [Input(zFAS Error Descriptions sheet): No configured disqualification time (column: 22). ACTION: DISABLE ERROR - NO UNIT IS ALLOWED TO REPORT IT.] <<
[MCA] Row: 622. UID: ERR_BSW_CANBUSOFF.
[MCA] Row: 623. UID: ERR_BSW_FRSTARTUP.
[MCA] ^^ [Input(zFAS Error Descriptions sheet): No configured disqualification time (column: 22). ACTION: DISABLE ERROR - NO UNIT IS ALLOWED TO REPORT IT.] ^^
[MCA] >> [Input(zFAS Error Descriptions sheet): No configured qualification time (column: 21). ACTION: DISABLE ERROR - NO UNIT IS ALLOWED TO REPORT IT.] <<
[MCA] Row: 622. UID: ERR_BSW_CANBUSOFF.
[MCA] Row: 623. UID: ERR_BSW_FRSTARTUP.
[MCA] ^^ [Input(zFAS Error Descriptions sheet): No configured qualification time (column: 21). ACTION: DISABLE ERROR - NO UNIT IS ALLOWED TO REPORT IT.] ^^
[MCA] >> [Input(zFAS Error Descriptions sheet): Not configured if error is relevant for the Recorder or not (column: 30). ACTION: DEFAULTING TO "NO" I.E. ERROR IS NOT RELEVANT FOR THE RECORDER.] <<
[MCA] Row: 417. UID: ERR_EXTIF_APH_FRA_1.
[MCA] Row: 418. UID: ERR_EXTIF_APH_FRA_2.
[MCA] Row: 419. UID: ERR_EXTIF_APH_FRA_3.
[MCA] Row: 420. UID: ERR_EXTIF_APH_FRA_4.
[MCA] Row: 421. UID: ERR_EXTIF_APH_FRA_5.
[MCA] Row: 422. UID: ERR_EXTIF_APH_FRA_6.
[MCA] Row: 424. UID: ERR_EXTIF_APH_FRB_1.
[MCA] Row: 425. UID: ERR_EXTIF_APH_FRB_2.
[MCA] Row: 426. UID: ERR_EXTIF_APH_FRB_3.
[MCA] Row: 427. UID: ERR_EXTIF_APH_FRB_4.
[MCA] Row: 428. UID: ERR_EXTIF_APH_FRB_5.
[MCA] Row: 429. UID: ERR_EXTIF_APH_FRB_6.
[MCA] Row: 431. UID: ERR_EXTIF_APH_FRSYNCLOSS.
[MCA] Row: 432. UID: ERR_EXTIF_APH_FRBUSINIT.
[MCA] Row: 433. UID: ERR_EXTIF_APH_CAN_AFS_1.
[MCA] Row: 434. UID: ERR_EXTIF_APH_CAN_AFS_2.
[MCA] Row: 435. UID: ERR_EXTIF_APH_CAN_AFS_3.
[MCA] Row: 436. UID: ERR_EXTIF_APH_CAN_AFS_4.
[MCA] Row: 437. UID: ERR_EXTIF_APH_CAN_AFS_5.
[MCA] Row: 438. UID: ERR_EXTIF_APH_CAN_AFS_6.
[MCA] Row: 622. UID: ERR_BSW_CANBUSOFF.
[MCA] Row: 623. UID: ERR_BSW_FRSTARTUP.
[MCA] ^^ [Input(zFAS Error Descriptions sheet): Not configured if error is relevant for the Recorder or not (column: 30). ACTION: DEFAULTING TO "NO" I.E. ERROR IS NOT RELEVANT FOR THE RECORDER.] ^^
[MCA] >> [Input(zFAS Error Descriptions sheet): Missing DTC mapping (column: 3) and incompatible Recovery Reaction (column: 23). Recovery Reactions: ['No Reaction'] must be mapped to a DTC. DISABLE ERROR - NO UNIT IS ALLOWED TO REPORT IT.] <<
[MCA] Row: 432. UID: ERR_EXTIF_APH_FRBUSINIT. Missing DTC mapping: NA_EH for this error's defined Recovery Reaction: NO_REACTION.
[MCA] Row: 433. UID: ERR_EXTIF_APH_CAN_AFS_1. Missing DTC mapping: NA_EH for this error's defined Recovery Reaction: NO_REACTION.
[MCA] Row: 434. UID: ERR_EXTIF_APH_CAN_AFS_2. Missing DTC mapping: NA_EH for this error's defined Recovery Reaction: NO_REACTION.
[MCA] Row: 435. UID: ERR_EXTIF_APH_CAN_AFS_3. Missing DTC mapping: NA_EH for this error's defined Recovery Reaction: NO_REACTION.
[MCA] Row: 436. UID: ERR_EXTIF_APH_CAN_AFS_4. Missing DTC mapping: NA_EH for this error's defined Recovery Reaction: NO_REACTION.
[MCA] Row: 437. UID: ERR_EXTIF_APH_CAN_AFS_5. Missing DTC mapping: NA_EH for this error's defined Recovery Reaction: NO_REACTION.
[MCA] Row: 438. UID: ERR_EXTIF_APH_CAN_AFS_6. Missing DTC mapping: NA_EH for this error's defined Recovery Reaction: NO_REACTION.
[MCA] Row: 623. UID: ERR_BSW_FRSTARTUP. Missing DTC mapping: NA_EH for this error's defined Recovery Reaction: NO_REACTION.
[MCA] ^^ [Input(zFAS Error Descriptions sheet): Missing DTC mapping (column: 3) and incompatible Recovery Reaction (column: 23). Recovery Reactions: ['No Reaction'] must be mapped to a DTC. DISABLE ERROR - NO UNIT IS ALLOWED TO REPORT IT.] ^^
^^^^^^^^^^^^ MCA ^^^^^^^^^^^^

____________ EEB ____________
[EEB] >> [Input(zFAS Error Descriptions sheet): Not configured if error is relevant for the Recorder or not (column: 30). ACTION: DEFAULTING TO "NO" I.E. ERROR IS NOT RELEVANT FOR THE RECORDER.] <<
[EEB] Row: 478. UID: ERR_PP_SWITCH_SHORT_TO_GND.
[EEB] Row: 479. UID: ERR_PP_SWITCH_SHORT_TO_VBAT.
[EEB] Row: 564. UID: ERR_PERS_APH_DATAWRITE.
[EEB] Row: 565. UID: ERR_PERS_APH_DATAREAD.
[EEB] Row: 566. UID: ERR_PERS_APH_DATAINTEGRITY.
[EEB] Row: 573. UID: ERR_PERS_APH_DATASET_VALID.
[EEB] Row: 574. UID: ERR_PERS_APH_DATASET_INTEGRITY.
[EEB] Row: 582. UID: ERR_DIAG_APH_CODING.
[EEB] Row: 583. UID: ERR_DIAG_APH_ANPASSUNG.
[EEB] Row: 787. UID: ERR_SWINGLOGO_FRONT_SHORT_GND.
[EEB] Row: 788. UID: ERR_SWINGLOGO_FRONT_SHORT_VBAT.
[EEB] Row: 789. UID: ERR_SWINGLOGO_REAR_SHORT_GND.
[EEB] Row: 790. UID: ERR_SWINGLOGO_REAR_SHORT_VBAT.
[EEB] Row: 567. UID: ERR_PERS_SRH_DATAWRITE.
[EEB] Row: 568. UID: ERR_PERS_SRH_DATAREAD.
[EEB] Row: 569. UID: ERR_PERS_SRH_DATAINTEGRITY.
[EEB] Row: 575. UID: ERR_PERS_SRH_DATASET_VALID.
[EEB] Row: 576. UID: ERR_PERS_SRH_DATASET_INTEGRITY.
[EEB] Row: 969. UID: ERR_DIAG_SRH_CODING.
[EEB] Row: 970. UID: ERR_DIAG_SRH_ANPASSUNG.
[EEB] Row: 570. UID: ERR_PERS_SSH_DATAWRITE.
[EEB] Row: 571. UID: ERR_PERS_SSH_DATAREAD.
[EEB] Row: 572. UID: ERR_PERS_SSH_DATAINTEGRITY.
[EEB] Row: 577. UID: ERR_PERS_SSH_DATASET_VALID.
[EEB] Row: 578. UID: ERR_PERS_SSH_DATASET_INTEGRITY.
[EEB] Row: 967. UID: ERR_DIAG_SSH_CODING.
[EEB] Row: 968. UID: ERR_DIAG_SSH_ANPASSUNG.
[EEB] ^^ [Input(zFAS Error Descriptions sheet): Not configured if error is relevant for the Recorder or not (column: 30). ACTION: DEFAULTING TO "NO" I.E. ERROR IS NOT RELEVANT FOR THE RECORDER.] ^^
^^^^^^^^^^^^ EEB ^^^^^^^^^^^^

____________ RKU ____________
[RKU] >> [Input(zFAS Error Descriptions sheet): Invalid reporter SWCID (column: 4). ACTION: DISABLE ERROR - NO UNIT IS ALLOWED TO REPORT IT.] <<
[RKU] Row: 562. UID: ERR_SRH_TPUR_TS. Invalid reporter value: SWCID_CtCdTimeProviderSRH.
[RKU] Row: 563. UID: ERR_SRH_TPUR_UNEXP. Invalid reporter value: SWCID_CtCdTimeProviderSRH.
[RKU] ^^ [Input(zFAS Error Descriptions sheet): Invalid reporter SWCID (column: 4). ACTION: DISABLE ERROR - NO UNIT IS ALLOWED TO REPORT IT.] ^^
[RKU] >> [Input(zFAS Error Descriptions sheet): Not configured if error is relevant for the Recorder or not (column: 30). ACTION: DEFAULTING TO "NO" I.E. ERROR IS NOT RELEVANT FOR THE RECORDER.] <<
[RKU] Row: 558. UID: ERR_TIMESERV_APH_FRCLUSTER.
[RKU] Row: 812. UID: ERR_TS_APH_TMU_STMRATE.
[RKU] Row: 813. UID: ERR_TS_APH_TMU_LFROS.
[RKU] Row: 814. UID: ERR_TS_APH_TMU_Z2FOS.
[RKU] Row: 815. UID: ERR_TS_APH_TMU_ZBSM.
[RKU] Row: 816. UID: ERR_TS_APH_TMU_ZBUC.
[RKU] Row: 817. UID: ERR_TS_APH_TMU_ZBUF.
[RKU] Row: 818. UID: ERR_TS_APH_TMU_ZBOW.
[RKU] Row: 819. UID: ERR_TS_APH_TMU_GSL.
[RKU] Row: 820. UID: ERR_TS_APH_TMU_GSH.
[RKU] Row: 821. UID: ERR_TS_APH_TMU_QOFS.
[RKU] Row: 822. UID: ERR_TS_APH_TMU_SSE.
[RKU] Row: 823. UID: ERR_TS_APH_TMU_SZET.
[RKU] Row: 824. UID: ERR_TS_APH_TMU_SZEC.
[RKU] Row: 825. UID: ERR_TS_APH_TMU_SZED.
[RKU] Row: 826. UID: ERR_TS_APH_TMU_SNR.
[RKU] Row: 827. UID: ERR_TS_APH_TMU_QOFR.
[RKU] Row: 828. UID: ERR_TS_APH_TMU_RSE.
[RKU] Row: 829. UID: ERR_TS_APH_TMU_RZET.
[RKU] Row: 830. UID: ERR_TS_APH_TMU_RZED.
[RKU] Row: 831. UID: ERR_TS_APH_TMU_RNR.
[RKU] Row: 832. UID: ERR_TS_APH_TMU_EIFE.
[RKU] Row: 1081. UID: ERR_TS_APH_TMU_Z2FR.
[RKU] Row: 562. UID: ERR_SRH_TPUR_TS.
[RKU] Row: 563. UID: ERR_SRH_TPUR_UNEXP.
[RKU] Row: 463. UID: ERR_EXTIF_SSH_BROADR_1.
[RKU] Row: 464. UID: ERR_EXTIF_SSH_BROADR_2.
[RKU] Row: 465. UID: ERR_EXTIF_SSH_BROADR_3.
[RKU] Row: 466. UID: ERR_EXTIF_SSH_BROADR_4.
[RKU] Row: 467. UID: ERR_EXTIF_SSH_BROADR_5.
[RKU] Row: 468. UID: ERR_EXTIF_SSH_BROADR_6.
[RKU] Row: 469. UID: ERR_EXTIF_SSH_BROADR_O.
[RKU] Row: 560. UID: ERR_SSH_TPUS_TS.
[RKU] Row: 561. UID: ERR_SSH_TPUS_UNEXP.
[RKU] Row: 1094. UID: ERR_EXTIF_SSH_BROADR_S.
[RKU] ^^ [Input(zFAS Error Descriptions sheet): Not configured if error is relevant for the Recorder or not (column: 30). ACTION: DEFAULTING TO "NO" I.E. ERROR IS NOT RELEVANT FOR THE RECORDER.] ^^
[RKU] >> [Input(zFAS Error Descriptions sheet): Missing DTC mapping (column: 3) and incompatible Recovery Reaction (column: 23). Recovery Reactions: ['No Reaction'] must be mapped to a DTC. DISABLE ERROR - NO UNIT IS ALLOWED TO REPORT IT.] <<
[RKU] Row: 821. UID: ERR_TS_APH_TMU_QOFS. Missing DTC mapping: NA_EH for this error's defined Recovery Reaction: NO_REACTION.
[RKU] Row: 823. UID: ERR_TS_APH_TMU_SZET. Missing DTC mapping: NA_EH for this error's defined Recovery Reaction: NO_REACTION.
[RKU] Row: 827. UID: ERR_TS_APH_TMU_QOFR. Missing DTC mapping: NA_EH for this error's defined Recovery Reaction: NO_REACTION.
[RKU] Row: 829. UID: ERR_TS_APH_TMU_RZET. Missing DTC mapping: NA_EH for this error's defined Recovery Reaction: NO_REACTION.
[RKU] ^^ [Input(zFAS Error Descriptions sheet): Missing DTC mapping (column: 3) and incompatible Recovery Reaction (column: 23). Recovery Reactions: ['No Reaction'] must be mapped to a DTC. DISABLE ERROR - NO UNIT IS ALLOWED TO REPORT IT.] ^^
^^^^^^^^^^^^ RKU ^^^^^^^^^^^^

____________ VNA ____________
[VNA] >> [Input(zFAS Error Descriptions sheet): Not configured if error is relevant for the Recorder or not (column: 30). ACTION: DEFAULTING TO "NO" I.E. ERROR IS NOT RELEVANT FOR THE RECORDER.] <<
[VNA] Row: 658. UID: ERR_LCS_APH_UPDATETIMEOUT.
[VNA] Row: 913. UID: ERR_LCS_APH_INCONSISTENTSTATE.
[VNA] Row: 914. UID: ERR_LCS_APH_STARTUPTIMEOUT.
[VNA] Row: 915. UID: ERR_LCS_APH_SHUSERVICETIMEOUT.
[VNA] Row: 916. UID: ERR_LCS_APH_INVALIDSTATE.
[VNA] Row: 918. UID: ERR_LCS_SRH_WRONGSTATETRANSITION.
[VNA] Row: 917. UID: ERR_LCS_SSH_WRONGSTATETRANSITION.
[VNA] ^^ [Input(zFAS Error Descriptions sheet): Not configured if error is relevant for the Recorder or not (column: 30). ACTION: DEFAULTING TO "NO" I.E. ERROR IS NOT RELEVANT FOR THE RECORDER.] ^^
^^^^^^^^^^^^ VNA ^^^^^^^^^^^^

____________ VPI ____________
[VPI] >> [Input(zFAS Error Descriptions sheet): Not configured if error is relevant for the Recorder or not (column: 30). ACTION: DEFAULTING TO "NO" I.E. ERROR IS NOT RELEVANT FOR THE RECORDER.] <<
[VPI] Row: 682. UID: ERR_HSUP_APH_SSHERR.
[VPI] Row: 684. UID: ERR_HSUP_APH_SSHSTARTUPTO.
[VPI] Row: 685. UID: ERR_HSUP_APH_SRHERR.
[VPI] Row: 687. UID: ERR_HSUP_APH_SRHSTARTUPTO.
[VPI] Row: 912. UID: ERR_HSUP_APH_SSHCRCERR.
[VPI] ^^ [Input(zFAS Error Descriptions sheet): Not configured if error is relevant for the Recorder or not (column: 30). ACTION: DEFAULTING TO "NO" I.E. ERROR IS NOT RELEVANT FOR THE RECORDER.] ^^
^^^^^^^^^^^^ VPI ^^^^^^^^^^^^

____________ MWG ____________
[MWG] >> [Input(zFAS Error Descriptions sheet): Not configured if error is relevant for the Recorder or not (column: 30). ACTION: DEFAULTING TO "NO" I.E. ERROR IS NOT RELEVANT FOR THE RECORDER.] <<
[MWG] Row: 791. UID: ERR_OS_APH_PROT_TRAP_C0.
[MWG] Row: 792. UID: ERR_OS_APH_PROT_TRAP_C1.
[MWG] Row: 793. UID: ERR_OS_APH_PROT_TRAP_C2.
[MWG] Row: 794. UID: ERR_OS_APH_INSTR_TRAP_C0.
[MWG] Row: 795. UID: ERR_OS_APH_INSTR_TRAP_C1.
[MWG] Row: 796. UID: ERR_OS_APH_INSTR_TRAP_C2.
[MWG] Row: 797. UID: ERR_OS_APH_CXT_TRAP_C0.
[MWG] Row: 798. UID: ERR_OS_APH_CXT_TRAP_C1.
[MWG] Row: 799. UID: ERR_OS_APH_CXT_TRAP_C2.
[MWG] Row: 800. UID: ERR_OS_APH_SBP_TRAP_C0.
[MWG] Row: 801. UID: ERR_OS_APH_SBP_TRAP_C1.
[MWG] Row: 802. UID: ERR_OS_APH_SBP_TRAP_C2.
[MWG] Row: 803. UID: ERR_OS_APH_SCALL_TRAP_C0.
[MWG] Row: 804. UID: ERR_OS_APH_SCALL_TRAP_C1.
[MWG] Row: 805. UID: ERR_OS_APH_SCALL_TRAP_C2.
[MWG] Row: 806. UID: ERR_OS_APH_KERNEL_C0.
[MWG] Row: 807. UID: ERR_OS_APH_KERNEL_C1.
[MWG] Row: 808. UID: ERR_OS_APH_KERNEL_C2.
[MWG] Row: 809. UID: ERR_OS_APH_API_C0.
[MWG] Row: 810. UID: ERR_OS_APH_API_C1.
[MWG] Row: 811. UID: ERR_OS_APH_API_C2.
[MWG] ^^ [Input(zFAS Error Descriptions sheet): Not configured if error is relevant for the Recorder or not (column: 30). ACTION: DEFAULTING TO "NO" I.E. ERROR IS NOT RELEVANT FOR THE RECORDER.] ^^
^^^^^^^^^^^^ MWG ^^^^^^^^^^^^

____________ ePPO ____________
[ePPO] >> [Input(zFAS Error Descriptions sheet): Not configured if error is relevant for the Recorder or not (column: 30). ACTION: DEFAULTING TO "NO" I.E. ERROR IS NOT RELEVANT FOR THE RECORDER.] <<
[ePPO] Row: 876. UID: ERR_WDG_GOTOSLEEP.
[ePPO] ^^ [Input(zFAS Error Descriptions sheet): Not configured if error is relevant for the Recorder or not (column: 30). ACTION: DEFAULTING TO "NO" I.E. ERROR IS NOT RELEVANT FOR THE RECORDER.] ^^
^^^^^^^^^^^^ ePPO ^^^^^^^^^^^^

____________ GFO ____________
[GFO] >> [Input(zFAS Error Descriptions sheet): No configured reporter SWCID (column: 4). ACTION: DISABLE ERROR - NO UNIT IS ALLOWED TO REPORT IT.] <<
[GFO] Row: 1018. UID: ERR_FGPA_CONF_NOT_DONE.
[GFO] Row: 1019. UID: ERR_FPGA_INIT_NOT_DONE.
[GFO] ^^ [Input(zFAS Error Descriptions sheet): No configured reporter SWCID (column: 4). ACTION: DISABLE ERROR - NO UNIT IS ALLOWED TO REPORT IT.] ^^
[GFO] >> [Input(zFAS Error Descriptions sheet): Not configured if error is relevant for the Recorder or not (column: 30). ACTION: DEFAULTING TO "NO" I.E. ERROR IS NOT RELEVANT FOR THE RECORDER.] <<
[GFO] Row: 1018. UID: ERR_FGPA_CONF_NOT_DONE.
[GFO] Row: 1019. UID: ERR_FPGA_INIT_NOT_DONE.
[GFO] Row: 500. UID: ERR_OS_SSH_FTLERROS_KERNEL.
[GFO] Row: 501. UID: ERR_OS_SSH_FTLERROS_INIT.
[GFO] Row: 502. UID: ERR_OS_SSH_FTLERROS_INTERRUPT.
[GFO] Row: 525. UID: ERR_OS_SSH_MON_SMC_FUNCTION_INVALID.
[GFO] Row: 526. UID: ERR_OS_SSH_MON_CORE_INVALID.
[GFO] Row: 527. UID: ERR_OS_SSH_MON_DEFAULT.
[GFO] Row: 528. UID: ERR_OS_SSH_MON_MMU_ASID_INVALID.
[GFO] Row: 529. UID: ERR_OS_SSH_MON_MMU_DESC_INVALID.
[GFO] Row: 530. UID: ERR_OS_SSH_MON_MMU_ASID_REGISTERED.
[GFO] Row: 531. UID: ERR_OS_SSH_MON_MMU_ASID_NOT_REGISTERED.
[GFO] Row: 532. UID: ERR_OS_SSH_MON_TASK_INVALID.
[GFO] Row: 533. UID: ERR_OS_SSH_MON_TASK_TABLE_FULL.
[GFO] Row: 534. UID: ERR_OS_SSH_MON_TASK_REGISTERED.
[GFO] Row: 535. UID: ERR_OS_SSH_MON_TASK_NOT_REGISTERED.
[GFO] Row: 536. UID: ERR_OS_SSH_MON_INT_EXIT_STATE_CHANGE.
[GFO] Row: 537. UID: ERR_OS_SSH_MON_SVC_EXIT_STATE_CHANGE.
[GFO] Row: 538. UID: ERR_OS_SSH_MON_CTX_SAVE_STATE_CHANGE.
[GFO] Row: 539. UID: ERR_OS_SSH_MON_CTX_LOAD_STATE_CHANGE.
[GFO] Row: 540. UID: ERR_OS_SSH_MON_TASK_STATE_INVALID.
[GFO] Row: 541. UID: ERR_OS_SSH_MON_DMA_DESC_INVALID.
[GFO] Row: 542. UID: ERR_OS_SSH_MON_DMA_DEVICE_INVALID.
[GFO] Row: 543. UID: ERR_OS_SSH_MON_DMA_DEVICE_ACTIVE.
[GFO] Row: 544. UID: ERR_OS_SSH_MON_DMA_TARGET_INVALID.
[GFO] Row: 545. UID: ERR_OS_SSH_MON_MMU_ASID_OVERLAP.
[GFO] Row: 546. UID: ERR_OS_SSH_MON_MMU_SHMEM_TABLE_FULL.
[GFO] Row: 547. UID: ERR_OS_SSH_MON_TASK_MMU_CTX_CHANGE.
[GFO] Row: 548. UID: ERR_OS_SSH_MON_MMU_LOCKED.
[GFO] Row: 549. UID: ERR_OS_SSH_MON_TASK_LOCKED.
[GFO] Row: 550. UID: ERR_OS_SSH_MON_SYSCALL_NO_HANDLER.
[GFO] Row: 551. UID: ERR_OS_SSH_MON_EXC_VEC_TABLE_INVALID.
[GFO] Row: 895. UID: ERR_OS_SSH_MON_ARGUMENT_INVALID.
[GFO] Row: 896. UID: ERR_OS_SSH_MON_MEMORY_FAULT.
[GFO] Row: 1020. UID: ERR_BL_SSH.
[GFO] Row: 1021. UID: ERR_BL_SSH_BIST_LOAD.
[GFO] Row: 1022. UID: ERR_BL_SSH_EOL_LOAD.
[GFO] Row: 1023. UID: ERR_BL_SSH_EOLM.
[GFO] Row: 1024. UID: ERR_BL_SSH_EXT_INIT.
[GFO] Row: 1025. UID: ERR_BL_SSH_FPGA_BS_LOAD.
[GFO] Row: 1026. UID: ERR_BL_SSH_FPGA_CFG.
[GFO] Row: 1027. UID: ERR_BL_SSH_INIT.
[GFO] Row: 1028. UID: ERR_BL_SSH_LOAD.
[GFO] Row: 1029. UID: ERR_BL_SSH_NM.
[GFO] Row: 1030. UID: ERR_BL_SSH_NM_SW_CFG.
[GFO] Row: 1031. UID: ERR_BL_SSH_NM_SWCFG_LOAD.
[GFO] Row: 1032. UID: ERR_BL_SSH_OS_LOAD.
[GFO] Row: 1033. UID: ERR_BL_SSH_SM_LOAD.
[GFO] Row: 1034. UID: ERR_BL_SSH_SW_DEF_CFG.
[GFO] Row: 1035. UID: ERR_BL_SSH_UPDM.
[GFO] Row: 1036. UID: ERR_OS_SSH_DEBUGETH_INIT.
[GFO] Row: 1037. UID: ERR_OS_SSH_FTLERROS_RTP.
[GFO] Row: 1038. UID: ERR_OS_SSH_FTPS_INIT.
[GFO] Row: 1039. UID: ERR_OS_SSH_HEAPMEAS.
[GFO] Row: 1040. UID: ERR_OS_SSH_ISRMEAS.
[GFO] Row: 1041. UID: ERR_OS_SSH_ISRMEAS_INIT.
[GFO] Row: 1042. UID: ERR_OS_SSH_PFINIT_KRNL.
[GFO] Row: 1043. UID: ERR_OS_SSH_PMD.
[GFO] Row: 1044. UID: ERR_OS_SSH_PMD_INIT.
[GFO] Row: 1045. UID: ERR_OS_SSH_PMD_INIT_TASK.
[GFO] Row: 1046. UID: ERR_OS_SSH_PMD_STARTUP.
[GFO] Row: 1047. UID: ERR_OS_SSH_PMD_UNKNOWN_EID.
[GFO] Row: 1048. UID: ERR_OS_SSH_SCHED.
[GFO] Row: 1049. UID: ERR_OS_SSH_SCHED_CONFIG.
[GFO] Row: 1050. UID: ERR_OS_SSH_SCHED_GPTP_NOSYNC.
[GFO] Row: 1051. UID: ERR_OS_SSH_SCHED_INIT.
[GFO] Row: 1052. UID: ERR_OS_SSH_SCHED_INIT_SYNC.
[GFO] Row: 1053. UID: ERR_OS_SSH_SCHED_INIT_TASK.
[GFO] Row: 1054. UID: ERR_OS_SSH_SCHED_INIT_TIMER.
[GFO] Row: 1055. UID: ERR_OS_SSH_SCHED_SYNC.
[GFO] Row: 1056. UID: ERR_OS_SSH_SERVICE.
[GFO] Row: 1057. UID: ERR_OS_SSH_SHELL_INIT.
[GFO] Row: 1058. UID: ERR_OS_SSH_SHUTDOWN.
[GFO] Row: 1059. UID: ERR_OS_SSH_STACKMEAS.
[GFO] Row: 1060. UID: ERR_OS_SSH_STACKMEAS_INIT.
[GFO] Row: 1061. UID: ERR_OS_SSH_STACKMEAS_INIT_TASK.
[GFO] Row: 1062. UID: ERR_OS_SSH_SWC.
[GFO] Row: 1063. UID: ERR_OS_SSH_SWC_CONFIG.
[GFO] Row: 1064. UID: ERR_OS_SSH_SWC_INIT_TIMEOUT.
[GFO] Row: 1065. UID: ERR_OS_SSH_SWC_RTPSPAWN.
[GFO] Row: 1066. UID: ERR_OS_SSH_SWC_TASKSPAWN.
[GFO] Row: 1067. UID: ERR_OS_SSH_SWCINIT.
[GFO] Row: 1068. UID: ERR_OS_SSH_TELNET_INIT.
[GFO] Row: 1069. UID: ERR_SSH_FLASHERR_MMCDEV.
[GFO] Row: 1070. UID: ERR_SSH_FLASHERR_MMCPART1.
[GFO] Row: 1071. UID: ERR_SSH_FLASHERR_MMCPART2.
[GFO] Row: 1072. UID: ERR_SSH_FLASHERR_MMCPART3.
[GFO] Row: 1073. UID: ERR_SSH_FLASHERR_MMCPART4.
[GFO] Row: 1074. UID: ERR_SSH_FLASHERR_TFFSDEV.
[GFO] Row: 1075. UID: ERR_SSH_FSERR_MMCPART1.
[GFO] Row: 1076. UID: ERR_SSH_FSERR_MMCPART2.
[GFO] Row: 1077. UID: ERR_SSH_FSERR_MMCPART3.
[GFO] Row: 1078. UID: ERR_SSH_FSERR_MMCPART4.
[GFO] Row: 1079. UID: ERR_SSH_FSERR_ROMFS.
[GFO] Row: 1080. UID: ERR_SSH_FSERR_TFFS.
[GFO] ^^ [Input(zFAS Error Descriptions sheet): Not configured if error is relevant for the Recorder or not (column: 30). ACTION: DEFAULTING TO "NO" I.E. ERROR IS NOT RELEVANT FOR THE RECORDER.] ^^
[GFO] >> [Input(zFAS Error Descriptions sheet): No configured DTC mapping (column: 3). ACTION: NO DTC REPORTING.] <<
[GFO] Row: 1018. UID: ERR_FGPA_CONF_NOT_DONE.
[GFO] Row: 1019. UID: ERR_FPGA_INIT_NOT_DONE.
[GFO] Row: 1020. UID: ERR_BL_SSH.
[GFO] Row: 1021. UID: ERR_BL_SSH_BIST_LOAD.
[GFO] Row: 1022. UID: ERR_BL_SSH_EOL_LOAD.
[GFO] Row: 1023. UID: ERR_BL_SSH_EOLM.
[GFO] Row: 1024. UID: ERR_BL_SSH_EXT_INIT.
[GFO] Row: 1025. UID: ERR_BL_SSH_FPGA_BS_LOAD.
[GFO] Row: 1026. UID: ERR_BL_SSH_FPGA_CFG.
[GFO] Row: 1027. UID: ERR_BL_SSH_INIT.
[GFO] Row: 1028. UID: ERR_BL_SSH_LOAD.
[GFO] Row: 1029. UID: ERR_BL_SSH_NM.
[GFO] Row: 1030. UID: ERR_BL_SSH_NM_SW_CFG.
[GFO] Row: 1031. UID: ERR_BL_SSH_NM_SWCFG_LOAD.
[GFO] Row: 1032. UID: ERR_BL_SSH_OS_LOAD.
[GFO] Row: 1033. UID: ERR_BL_SSH_SM_LOAD.
[GFO] Row: 1034. UID: ERR_BL_SSH_SW_DEF_CFG.
[GFO] Row: 1035. UID: ERR_BL_SSH_UPDM.
[GFO] Row: 1036. UID: ERR_OS_SSH_DEBUGETH_INIT.
[GFO] Row: 1038. UID: ERR_OS_SSH_FTPS_INIT.
[GFO] Row: 1039. UID: ERR_OS_SSH_HEAPMEAS.
[GFO] Row: 1040. UID: ERR_OS_SSH_ISRMEAS.
[GFO] Row: 1041. UID: ERR_OS_SSH_ISRMEAS_INIT.
[GFO] Row: 1043. UID: ERR_OS_SSH_PMD.
[GFO] Row: 1044. UID: ERR_OS_SSH_PMD_INIT.
[GFO] Row: 1045. UID: ERR_OS_SSH_PMD_INIT_TASK.
[GFO] Row: 1046. UID: ERR_OS_SSH_PMD_STARTUP.
[GFO] Row: 1047. UID: ERR_OS_SSH_PMD_UNKNOWN_EID.
[GFO] Row: 1048. UID: ERR_OS_SSH_SCHED.
[GFO] Row: 1049. UID: ERR_OS_SSH_SCHED_CONFIG.
[GFO] Row: 1050. UID: ERR_OS_SSH_SCHED_GPTP_NOSYNC.
[GFO] Row: 1051. UID: ERR_OS_SSH_SCHED_INIT.
[GFO] Row: 1052. UID: ERR_OS_SSH_SCHED_INIT_SYNC.
[GFO] Row: 1053. UID: ERR_OS_SSH_SCHED_INIT_TASK.
[GFO] Row: 1054. UID: ERR_OS_SSH_SCHED_INIT_TIMER.
[GFO] Row: 1055. UID: ERR_OS_SSH_SCHED_SYNC.
[GFO] Row: 1056. UID: ERR_OS_SSH_SERVICE.
[GFO] Row: 1057. UID: ERR_OS_SSH_SHELL_INIT.
[GFO] Row: 1058. UID: ERR_OS_SSH_SHUTDOWN.
[GFO] Row: 1059. UID: ERR_OS_SSH_STACKMEAS.
[GFO] Row: 1060. UID: ERR_OS_SSH_STACKMEAS_INIT.
[GFO] Row: 1061. UID: ERR_OS_SSH_STACKMEAS_INIT_TASK.
[GFO] Row: 1062. UID: ERR_OS_SSH_SWC.
[GFO] Row: 1063. UID: ERR_OS_SSH_SWC_CONFIG.
[GFO] Row: 1064. UID: ERR_OS_SSH_SWC_INIT_TIMEOUT.
[GFO] Row: 1065. UID: ERR_OS_SSH_SWC_RTPSPAWN.
[GFO] Row: 1066. UID: ERR_OS_SSH_SWC_TASKSPAWN.
[GFO] Row: 1068. UID: ERR_OS_SSH_TELNET_INIT.
[GFO] Row: 1069. UID: ERR_SSH_FLASHERR_MMCDEV.
[GFO] Row: 1070. UID: ERR_SSH_FLASHERR_MMCPART1.
[GFO] Row: 1071. UID: ERR_SSH_FLASHERR_MMCPART2.
[GFO] Row: 1072. UID: ERR_SSH_FLASHERR_MMCPART3.
[GFO] Row: 1073. UID: ERR_SSH_FLASHERR_MMCPART4.
[GFO] Row: 1074. UID: ERR_SSH_FLASHERR_TFFSDEV.
[GFO] Row: 1075. UID: ERR_SSH_FSERR_MMCPART1.
[GFO] Row: 1076. UID: ERR_SSH_FSERR_MMCPART2.
[GFO] Row: 1077. UID: ERR_SSH_FSERR_MMCPART3.
[GFO] Row: 1078. UID: ERR_SSH_FSERR_MMCPART4.
[GFO] Row: 1079. UID: ERR_SSH_FSERR_ROMFS.
[GFO] Row: 1080. UID: ERR_SSH_FSERR_TFFS.
[GFO] ^^ [Input(zFAS Error Descriptions sheet): No configured DTC mapping (column: 3). ACTION: NO DTC REPORTING.] ^^
[GFO] >> [Input(zFAS Error Descriptions sheet): Missing DTC mapping (column: 3) and incompatible Recovery Reaction (column: 23). Recovery Reactions: ['No Reaction'] must be mapped to a DTC. DISABLE ERROR - NO UNIT IS ALLOWED TO REPORT IT.] <<
[GFO] Row: 1036. UID: ERR_OS_SSH_DEBUGETH_INIT. Missing DTC mapping: NA_EH for this error's defined Recovery Reaction: NO_REACTION.
[GFO] Row: 1038. UID: ERR_OS_SSH_FTPS_INIT. Missing DTC mapping: NA_EH for this error's defined Recovery Reaction: NO_REACTION.
[GFO] Row: 1047. UID: ERR_OS_SSH_PMD_UNKNOWN_EID. Missing DTC mapping: NA_EH for this error's defined Recovery Reaction: NO_REACTION.
[GFO] Row: 1057. UID: ERR_OS_SSH_SHELL_INIT. Missing DTC mapping: NA_EH for this error's defined Recovery Reaction: NO_REACTION.
[GFO] Row: 1068. UID: ERR_OS_SSH_TELNET_INIT. Missing DTC mapping: NA_EH for this error's defined Recovery Reaction: NO_REACTION.
[GFO] Row: 1069. UID: ERR_SSH_FLASHERR_MMCDEV. Missing DTC mapping: NA_EH for this error's defined Recovery Reaction: NO_REACTION.
[GFO] Row: 1070. UID: ERR_SSH_FLASHERR_MMCPART1. Missing DTC mapping: NA_EH for this error's defined Recovery Reaction: NO_REACTION.
[GFO] Row: 1071. UID: ERR_SSH_FLASHERR_MMCPART2. Missing DTC mapping: NA_EH for this error's defined Recovery Reaction: NO_REACTION.
[GFO] Row: 1072. UID: ERR_SSH_FLASHERR_MMCPART3. Missing DTC mapping: NA_EH for this error's defined Recovery Reaction: NO_REACTION.
[GFO] Row: 1073. UID: ERR_SSH_FLASHERR_MMCPART4. Missing DTC mapping: NA_EH for this error's defined Recovery Reaction: NO_REACTION.
[GFO] Row: 1074. UID: ERR_SSH_FLASHERR_TFFSDEV. Missing DTC mapping: NA_EH for this error's defined Recovery Reaction: NO_REACTION.
[GFO] Row: 1075. UID: ERR_SSH_FSERR_MMCPART1. Missing DTC mapping: NA_EH for this error's defined Recovery Reaction: NO_REACTION.
[GFO] Row: 1076. UID: ERR_SSH_FSERR_MMCPART2. Missing DTC mapping: NA_EH for this error's defined Recovery Reaction: NO_REACTION.
[GFO] Row: 1077. UID: ERR_SSH_FSERR_MMCPART3. Missing DTC mapping: NA_EH for this error's defined Recovery Reaction: NO_REACTION.
[GFO] Row: 1078. UID: ERR_SSH_FSERR_MMCPART4. Missing DTC mapping: NA_EH for this error's defined Recovery Reaction: NO_REACTION.
[GFO] Row: 1080. UID: ERR_SSH_FSERR_TFFS. Missing DTC mapping: NA_EH for this error's defined Recovery Reaction: NO_REACTION.
[GFO] ^^ [Input(zFAS Error Descriptions sheet): Missing DTC mapping (column: 3) and incompatible Recovery Reaction (column: 23). Recovery Reactions: ['No Reaction'] must be mapped to a DTC. DISABLE ERROR - NO UNIT IS ALLOWED TO REPORT IT.] ^^
^^^^^^^^^^^^ GFO ^^^^^^^^^^^^

____________ eWBA ____________
[eWBA] >> [Input(zFAS Error Descriptions sheet): No configured DTC mapping (column: 3). ACTION: NO DTC REPORTING.] <<
[eWBA] Row: 1097. UID: ERR_BUS_KNOCKOUT.
[eWBA] ^^ [Input(zFAS Error Descriptions sheet): No configured DTC mapping (column: 3). ACTION: NO DTC REPORTING.] ^^
^^^^^^^^^^^^ eWBA ^^^^^^^^^^^^

____________ eBPR ____________
[eBPR] >> [Input(zFAS Error Descriptions sheet): No configured qualification time (column: 21). ACTION: DISABLE ERROR - NO UNIT IS ALLOWED TO REPORT IT.] <<
[eBPR] Row: 239. UID: ERR_SML_SRH.
[eBPR] Row: 966. UID: ERR_SRH_EMMC_INTEGRITY.
[eBPR] ^^ [Input(zFAS Error Descriptions sheet): No configured qualification time (column: 21). ACTION: DISABLE ERROR - NO UNIT IS ALLOWED TO REPORT IT.] ^^
[eBPR] >> [Input(zFAS Error Descriptions sheet): No configured recovery reaction (column: 23). ACTION: DEFAULTING TO "NO REACTION".] <<
[eBPR] Row: 239. UID: ERR_SML_SRH.
[eBPR] ^^ [Input(zFAS Error Descriptions sheet): No configured recovery reaction (column: 23). ACTION: DEFAULTING TO "NO REACTION".] ^^
[eBPR] >> [Input(zFAS Error Descriptions sheet): Invalid recovery reaction (column: 23). ACTION: DEFAULTING TO "NO REACTION".] <<
[eBPR] Row: 953. UID: ERR_SRH_RAM_FAULT. Invalid recovery reaction value: No reaction.
[eBPR] Row: 960. UID: ERR_PS_SRH_MAX20024_MBATTLOW. Invalid recovery reaction value: SystemRestart.
[eBPR] ^^ [Input(zFAS Error Descriptions sheet): Invalid recovery reaction (column: 23). ACTION: DEFAULTING TO "NO REACTION".] ^^
[eBPR] >> [Input(zFAS Error Descriptions sheet): Missing DTC mapping (column: 3) and incompatible Recovery Reaction (column: 23). Recovery Reactions: ['No Reaction'] must be mapped to a DTC. DISABLE ERROR - NO UNIT IS ALLOWED TO REPORT IT.] <<
[eBPR] Row: 239. UID: ERR_SML_SRH. Missing DTC mapping: NA_EH for this error's defined Recovery Reaction: NO_REACTION.
[eBPR] ^^ [Input(zFAS Error Descriptions sheet): Missing DTC mapping (column: 3) and incompatible Recovery Reaction (column: 23). Recovery Reactions: ['No Reaction'] must be mapped to a DTC. DISABLE ERROR - NO UNIT IS ALLOWED TO REPORT IT.] ^^
[eBPR] >> [Input(zFAS Error Descriptions sheet): No configured disqualification time (column: 22). ACTION: DISABLE ERROR - NO UNIT IS ALLOWED TO REPORT IT.] <<
[eBPR] Row: 239. UID: ERR_SML_SRH.
[eBPR] Row: 966. UID: ERR_SRH_EMMC_INTEGRITY.
[eBPR] ^^ [Input(zFAS Error Descriptions sheet): No configured disqualification time (column: 22). ACTION: DISABLE ERROR - NO UNIT IS ALLOWED TO REPORT IT.] ^^
[eBPR] >> [Input(zFAS Error Descriptions sheet): Not configured if error is relevant for the Recorder or not (column: 30). ACTION: DEFAULTING TO "NO" I.E. ERROR IS NOT RELEVANT FOR THE RECORDER.] <<
[eBPR] Row: 239. UID: ERR_SML_SRH.
[eBPR] Row: 909. UID: ERR_SRH_MMU.
[eBPR] Row: 953. UID: ERR_SRH_RAM_FAULT.
[eBPR] Row: 960. UID: ERR_PS_SRH_MAX20024_MBATTLOW.
[eBPR] Row: 961. UID: ERR_PS_SRH_MAX20024_TJALRM1.
[eBPR] Row: 962. UID: ERR_PS_SRH_MAX20024_TJALRM2.
[eBPR] Row: 963. UID: ERR_PS_SRH_MAX20024_STEP_DOWN_REGULATORS_POWER_STATUS.
[eBPR] Row: 964. UID: ERR_PS_SRH_MAX20024_LINEAR_REGULATORS_VOLTAGE_STATUS.
[eBPR] Row: 965. UID: ERR_PS_SRH_MAX20024_32K_OK.
[eBPR] Row: 966. UID: ERR_SRH_EMMC_INTEGRITY.
[eBPR] ^^ [Input(zFAS Error Descriptions sheet): Not configured if error is relevant for the Recorder or not (column: 30). ACTION: DEFAULTING TO "NO" I.E. ERROR IS NOT RELEVANT FOR THE RECORDER.] ^^
^^^^^^^^^^^^ eBPR ^^^^^^^^^^^^

____________ eGMI ____________
[eGMI] >> [Input(zFAS Error Descriptions sheet): No configured disqualification time (column: 22). ACTION: DISABLE ERROR - NO UNIT IS ALLOWED TO REPORT IT.] <<
[eGMI] Row: 240. UID: ERR_SRH_RST.
[eGMI] Row: 241. UID: ERR_SRH_I2C.
[eGMI] Row: 242. UID: ERR_SRH_RAM_FULL.
[eGMI] Row: 243. UID: ERR_SRH_OS.
[eGMI] ^^ [Input(zFAS Error Descriptions sheet): No configured disqualification time (column: 22). ACTION: DISABLE ERROR - NO UNIT IS ALLOWED TO REPORT IT.] ^^
[eGMI] >> [Input(zFAS Error Descriptions sheet): No configured qualification time (column: 21). ACTION: DISABLE ERROR - NO UNIT IS ALLOWED TO REPORT IT.] <<
[eGMI] Row: 240. UID: ERR_SRH_RST.
[eGMI] Row: 241. UID: ERR_SRH_I2C.
[eGMI] Row: 242. UID: ERR_SRH_RAM_FULL.
[eGMI] Row: 243. UID: ERR_SRH_OS.
[eGMI] ^^ [Input(zFAS Error Descriptions sheet): No configured qualification time (column: 21). ACTION: DISABLE ERROR - NO UNIT IS ALLOWED TO REPORT IT.] ^^
[eGMI] >> [Input(zFAS Error Descriptions sheet): Not configured if error is relevant for the Recorder or not (column: 30). ACTION: DEFAULTING TO "NO" I.E. ERROR IS NOT RELEVANT FOR THE RECORDER.] <<
[eGMI] Row: 240. UID: ERR_SRH_RST.
[eGMI] Row: 241. UID: ERR_SRH_I2C.
[eGMI] Row: 242. UID: ERR_SRH_RAM_FULL.
[eGMI] Row: 243. UID: ERR_SRH_OS.
[eGMI] ^^ [Input(zFAS Error Descriptions sheet): Not configured if error is relevant for the Recorder or not (column: 30). ACTION: DEFAULTING TO "NO" I.E. ERROR IS NOT RELEVANT FOR THE RECORDER.] ^^
[eGMI] >> [Input(zFAS Error Descriptions sheet): No configured recovery reaction (column: 23). ACTION: DEFAULTING TO "NO REACTION".] <<
[eGMI] Row: 240. UID: ERR_SRH_RST.
[eGMI] Row: 241. UID: ERR_SRH_I2C.
[eGMI] Row: 242. UID: ERR_SRH_RAM_FULL.
[eGMI] Row: 243. UID: ERR_SRH_OS.
[eGMI] ^^ [Input(zFAS Error Descriptions sheet): No configured recovery reaction (column: 23). ACTION: DEFAULTING TO "NO REACTION".] ^^
^^^^^^^^^^^^ eGMI ^^^^^^^^^^^^

____________ eSCO ____________
[eSCO] >> [Input(zFAS Error Descriptions sheet): Not configured if error is relevant for the Recorder or not (column: 30). ACTION: DEFAULTING TO "NO" I.E. ERROR IS NOT RELEVANT FOR THE RECORDER.] <<
[eSCO] Row: 776. UID: ERR_SCHED_SRH_1.
[eSCO] Row: 777. UID: ERR_SCHED_SRH_2.
[eSCO] Row: 778. UID: ERR_SCHED_SRH_3.
[eSCO] Row: 779. UID: ERR_SCHED_SRH_4.
[eSCO] Row: 780. UID: ERR_SCHED_SRH_5.
[eSCO] Row: 781. UID: ERR_SCHED_SRH_6.
[eSCO] Row: 782. UID: ERR_SCHED_SRH_7.
[eSCO] Row: 783. UID: ERR_SCHED_SRH_8.
[eSCO] ^^ [Input(zFAS Error Descriptions sheet): Not configured if error is relevant for the Recorder or not (column: 30). ACTION: DEFAULTING TO "NO" I.E. ERROR IS NOT RELEVANT FOR THE RECORDER.] ^^
^^^^^^^^^^^^ eSCO ^^^^^^^^^^^^

____________ eTFA ____________
[eTFA] >> [Input(zFAS Error Descriptions sheet): Not configured if error is relevant for the Recorder or not (column: 30). ACTION: DEFAULTING TO "NO" I.E. ERROR IS NOT RELEVANT FOR THE RECORDER.] <<
[eTFA] Row: 110. UID: ERR_SSH_EXC_HDLR.
[eTFA] Row: 114. UID: ERR_SSH_CFGREG.
[eTFA] Row: 116. UID: ERR_SSH_RST.
[eTFA] Row: 117. UID: ERR_FPGA_CRAMCRC.
[eTFA] Row: 120. UID: ERR_SSH_L1_PARGEN.
[eTFA] Row: 121. UID: ERR_SSH_L2_PARGEN.
[eTFA] Row: 122. UID: ERR_SSH_L1_PE.
[eTFA] Row: 123. UID: ERR_SSH_L2_PE.
[eTFA] Row: 124. UID: ERR_SSH_L2_ECCENG.
[eTFA] Row: 125. UID: ERR_SSH_L2_DBE.
[eTFA] Row: 128. UID: ERR_SSH_EXC_VECT.
[eTFA] Row: 130. UID: ERR_SSH_SDRAM_DBE.
[eTFA] Row: 132. UID: ERR_SSH_SDRAM_HWLINE.
[eTFA] Row: 135. UID: ERR_SSH_SDRAM_ECCENG.
[eTFA] Row: 136. UID: ERR_SSH_SDRAM_MPU.
[eTFA] Row: 137. UID: ERR_SSH_SDRAM_BIN.
[eTFA] Row: 138. UID: ERR_SSH_OCRAM_BIN.
[eTFA] Row: 139. UID: ERR_SSH_BIST_BIN.
[eTFA] Row: 140. UID: ERR_SSH_APPL_BIN.
[eTFA] Row: 141. UID: ERR_SSH_ONCHIP_ECCENG.
[eTFA] Row: 142. UID: ERR_SSH_ONCHIP_DBE.
[eTFA] Row: 147. UID: ERR_SSH_NAND_HEALTH.
[eTFA] Row: 157. UID: ERR_SML_SSH.
[eTFA] ^^ [Input(zFAS Error Descriptions sheet): Not configured if error is relevant for the Recorder or not (column: 30). ACTION: DEFAULTING TO "NO" I.E. ERROR IS NOT RELEVANT FOR THE RECORDER.] ^^
^^^^^^^^^^^^ eTFA ^^^^^^^^^^^^

